1610304915530	mozrunner::runner	INFO	Running command: "/usr/bin/firefox" "-marionette" "-foreground" "-no-remote" "-profile" "/tmp/rust_mozprofile.Yv4QDLj1vgnF"
console.warn: SearchSettings: "get: No settings file exists, new profile?" (new Error("", "(unknown module)"))
1610304922276	Marionette	INFO	Listening on port 36331
1610304922505	Marionette	WARN	TLS certificate errors will be ignored for this session
JavaScript error: https://mycurrentlocation.net/, line 641: TypeError: data.features[5] is undefined
JavaScript error: , line 0: NotFoundError: No such JSWindowActor 'MarionetteEvents'
JavaScript error: , line 0: NotFoundError: No such JSWindowActor 'MarionetteEvents'
JavaScript warning: https://api.mapbox.com/mapbox-gl-js/v1.0.0/mapbox-gl.js, line 29: WebGL warning: texImage: Alpha-premult and y-flip are deprecated for non-DOM-Element uploads.
JavaScript warning: https://api.mapbox.com/mapbox-gl-js/v1.0.0/mapbox-gl.js, line 29: WebGL warning: texImage: Alpha-premult and y-flip are deprecated for non-DOM-Element uploads.
JavaScript warning: https://api.mapbox.com/mapbox-gl-js/v1.0.0/mapbox-gl.js, line 29: WebGL warning: texImage: Alpha-premult and y-flip are deprecated for non-DOM-Element uploads.
JavaScript warning: https://api.mapbox.com/mapbox-gl-js/v1.0.0/mapbox-gl.js, line 29: WebGL warning: texImage: Alpha-premult and y-flip are deprecated for non-DOM-Element uploads.
1610304957602	Marionette	INFO	Stopped listening on port 36331
JavaScript warning: https://api.mapbox.com/mapbox-gl-js/v1.0.0/mapbox-gl.js, line 29: WebGL warning: texImage: Alpha-premult and y-flip are deprecated for non-DOM-Element uploads.

###!!! [Parent][RunMessage] Error: Channel closing: too late to send/recv, messages will be lost

1610304963737	mozrunner::runner	INFO	Running command: "/usr/bin/firefox" "-marionette" "-foreground" "-no-remote" "-profile" "/tmp/rust_mozprofile.tKxaeHytn1fL"
console.warn: SearchSettings: "get: No settings file exists, new profile?" (new Error("", "(unknown module)"))
JavaScript error: resource://activity-stream/lib/ASRouter.jsm, line 987: NS_ERROR_ILLEGAL_VALUE: Component returned failure code: 0x80070057 (NS_ERROR_ILLEGAL_VALUE) [nsIObserverService.removeObserver]
console.warn: services.settings: main/cfr-fxa sync interrupted by shutdown
1610304978911	Marionette	INFO	Listening on port 41145
console.warn: services.settings: main/cfr sync interrupted by shutdown
1610304979309	Marionette	WARN	TLS certificate errors will be ignored for this session
console.error: SearchService: "maybeReloadEngines failed" (new Error("Unable to arm timer, the object has been finalized.", "resource://gre/modules/DeferredTask.jsm", 215))
1610304980144	Marionette	INFO	Stopped listening on port 41145
1610305169635	mozrunner::runner	INFO	Running command: "/usr/bin/firefox" "-marionette" "-foreground" "-no-remote" "-profile" "/tmp/rust_mozprofile.w4gqZF5Cow64"
console.warn: SearchSettings: "get: No settings file exists, new profile?" (new Error("", "(unknown module)"))
1610305184833	Marionette	INFO	Listening on port 34817
1610305184927	Marionette	WARN	TLS certificate errors will be ignored for this session
JavaScript error: https://mycurrentlocation.net/, line 641: TypeError: data.features[5] is undefined
JavaScript warning: https://api.mapbox.com/mapbox-gl-js/v1.0.0/mapbox-gl.js, line 29: WebGL warning: texImage: Alpha-premult and y-flip are deprecated for non-DOM-Element uploads.
JavaScript warning: https://api.mapbox.com/mapbox-gl-js/v1.0.0/mapbox-gl.js, line 29: WebGL warning: texImage: Alpha-premult and y-flip are deprecated for non-DOM-Element uploads.
JavaScript warning: https://api.mapbox.com/mapbox-gl-js/v1.0.0/mapbox-gl.js, line 29: WebGL warning: texImage: Alpha-premult and y-flip are deprecated for non-DOM-Element uploads.
JavaScript warning: https://api.mapbox.com/mapbox-gl-js/v1.0.0/mapbox-gl.js, line 29: WebGL warning: texImage: Alpha-premult and y-flip are deprecated for non-DOM-Element uploads.
JavaScript warning: https://api.mapbox.com/mapbox-gl-js/v1.0.0/mapbox-gl.js, line 29: WebGL warning: texImage: Alpha-premult and y-flip are deprecated for non-DOM-Element uploads.
JavaScript warning: https://api.mapbox.com/mapbox-gl-js/v1.0.0/mapbox-gl.js, line 29: WebGL warning: texImage: Alpha-premult and y-flip are deprecated for non-DOM-Element uploads.
JavaScript error: , line 0: NotFoundError: No such JSWindowActor 'MarionetteEvents'
JavaScript error: , line 0: NotFoundError: No such JSWindowActor 'MarionetteEvents'
JavaScript error: , line 0: NotFoundError: No such JSWindowActor 'MarionetteEvents'
JavaScript error: , line 0: NotFoundError: No such JSWindowActor 'MarionetteEvents'
1610305213216	Marionette	INFO	Stopped listening on port 34817
JavaScript error: , line 0: uncaught exception: undefined
1610305237669	mozrunner::runner	INFO	Running command: "/usr/bin/firefox" "-marionette" "-foreground" "-no-remote" "-profile" "/tmp/rust_mozprofile.1K4Zhc4c1RL8"
console.warn: SearchSettings: "get: No settings file exists, new profile?" (new Error("", "(unknown module)"))
1610305241396	Marionette	INFO	Listening on port 45393
1610305241509	Marionette	WARN	TLS certificate errors will be ignored for this session
JavaScript error: https://mycurrentlocation.net/, line 641: TypeError: data.features[5] is undefined
JavaScript error: , line 0: NotFoundError: No such JSWindowActor 'MarionetteEvents'
JavaScript error: , line 0: NotFoundError: No such JSWindowActor 'MarionetteEvents'
1610305259143	Marionette	INFO	Stopped listening on port 45393
JavaScript warning: https://api.mapbox.com/mapbox-gl-js/v1.0.0/mapbox-gl.js, line 29: WebGL warning: texImage: Alpha-premult and y-flip are deprecated for non-DOM-Element uploads.
JavaScript error: , line 0: uncaught exception: undefined
